<?xml version="1.0" encoding="UTF-8"?>
<!-- Generated by org.testng.reporters.JUnitReportReporter -->
<testsuite hostname="MacBook-Pro-de-Nimesha.local" failures="0" tests="2" name="Cucumber.TestNGTestRunner" time="178.343" errors="1" timestamp="2024-02-09T22:26:53 EST" skipped="0">
  <testcase classname="Cucumber.TestNGTestRunner" name="runScenario" time="91.716"/>
  <testcase classname="Cucumber.TestNGTestRunner" name="runScenario" time="86.627">
    <error message="element click intercepted: Element &lt;select class=&quot;select&quot; data-bind=&quot;
    attr: {
        name: inputName,
        id: uid,
        disabled: disabled,
        &#039;aria-describedby&#039;: getDescriptionId(),
        &#039;aria-required&#039;: required,
        &#039;aria-invalid&#039;: error() ? true : &#039;false&#039;,
        placeholder: placeholder
    },
    hasFocus: focused,
    optgroup: options,
    value: value,
    optionsCaption: caption,
    optionsValue: &#039;value&#039;,
    optionsText: &#039;label&#039;,
    optionsAfterRender: function(option, item) {
        if (item &amp;amp;&amp;amp; item.disabled) {
            ko.applyBindingsToNode(option, {attr: {disabled: true}}, item);
        }
    }&quot; name=&quot;region_id&quot; id=&quot;WJ6HF5Q&quot; aria-required=&quot;true&quot; aria-invalid=&quot;false&quot;&gt;...&lt;/select&gt; is not clickable at point (386, 69). Other element would receive the click: &lt;div id=&quot;checkout-loader&quot; data-role=&quot;checkout-loader&quot; class=&quot;loading-mask&quot;&gt;...&lt;/div&gt;
  (Session info: chrome=121.0.6167.160)
Build info: version: &#039;4.17.0&#039;, revision: &#039;e52b1be057*&#039;
System info: os.name: &#039;Mac OS X&#039;, os.arch: &#039;x86_64&#039;, os.version: &#039;14.2.1&#039;, java.version: &#039;17.0.8.1&#039;
Driver info: org.openqa.selenium.chrome.ChromeDriver
Command: [fd129aae5055f9f15328eef90f4e7df1, clickElement {id=42047DB628E60231704A0780571DDEB1_element_346}]
Capabilities {acceptInsecureCerts: false, browserName: chrome, browserVersion: 121.0.6167.160, chrome: {chromedriverVersion: 121.0.6167.85 (3f98d690ad7e..., userDataDir: /var/folders/j3/0152nwjn6hd...}, fedcm:accounts: true, goog:chromeOptions: {debuggerAddress: localhost:49724}, networkConnectionEnabled: false, pageLoadStrategy: normal, platformName: mac, proxy: Proxy(), se:cdp: ws://localhost:49724/devtoo..., se:cdpVersion: 121.0.6167.160, setWindowRect: true, strictFileInteractability: false, timeouts: {implicit: 0, pageLoad: 300000, script: 30000}, unhandledPromptBehavior: dismiss and notify, webauthn:extension:credBlob: true, webauthn:extension:largeBlob: true, webauthn:extension:minPinLength: true, webauthn:extension:prf: true, webauthn:virtualAuthenticators: true}
Element: [[ChromeDriver: chrome on mac (fd129aae5055f9f15328eef90f4e7df1)] -&gt; xpath: //select[@name=&#039;region_id&#039;]]
Session ID: fd129aae5055f9f15328eef90f4e7df1" type="org.openqa.selenium.ElementClickInterceptedException">
      <![CDATA[org.openqa.selenium.ElementClickInterceptedException: element click intercepted: Element <select class="select" data-bind="
    attr: {
        name: inputName,
        id: uid,
        disabled: disabled,
        'aria-describedby': getDescriptionId(),
        'aria-required': required,
        'aria-invalid': error() ? true : 'false',
        placeholder: placeholder
    },
    hasFocus: focused,
    optgroup: options,
    value: value,
    optionsCaption: caption,
    optionsValue: 'value',
    optionsText: 'label',
    optionsAfterRender: function(option, item) {
        if (item &amp;&amp; item.disabled) {
            ko.applyBindingsToNode(option, {attr: {disabled: true}}, item);
        }
    }" name="region_id" id="WJ6HF5Q" aria-required="true" aria-invalid="false">...</select> is not clickable at point (386, 69). Other element would receive the click: <div id="checkout-loader" data-role="checkout-loader" class="loading-mask">...</div>
  (Session info: chrome=121.0.6167.160)
Build info: version: '4.17.0', revision: 'e52b1be057*'
System info: os.name: 'Mac OS X', os.arch: 'x86_64', os.version: '14.2.1', java.version: '17.0.8.1'
Driver info: org.openqa.selenium.chrome.ChromeDriver
Command: [fd129aae5055f9f15328eef90f4e7df1, clickElement {id=42047DB628E60231704A0780571DDEB1_element_346}]
Capabilities {acceptInsecureCerts: false, browserName: chrome, browserVersion: 121.0.6167.160, chrome: {chromedriverVersion: 121.0.6167.85 (3f98d690ad7e..., userDataDir: /var/folders/j3/0152nwjn6hd...}, fedcm:accounts: true, goog:chromeOptions: {debuggerAddress: localhost:49724}, networkConnectionEnabled: false, pageLoadStrategy: normal, platformName: mac, proxy: Proxy(), se:cdp: ws://localhost:49724/devtoo..., se:cdpVersion: 121.0.6167.160, setWindowRect: true, strictFileInteractability: false, timeouts: {implicit: 0, pageLoad: 300000, script: 30000}, unhandledPromptBehavior: dismiss and notify, webauthn:extension:credBlob: true, webauthn:extension:largeBlob: true, webauthn:extension:minPinLength: true, webauthn:extension:prf: true, webauthn:virtualAuthenticators: true}
Element: [[ChromeDriver: chrome on mac (fd129aae5055f9f15328eef90f4e7df1)] -> xpath: //select[@name='region_id']]
Session ID: fd129aae5055f9f15328eef90f4e7df1
at java.base/jdk.internal.reflect.NativeConstructorAccessorImpl.newInstance0(Native Method)
at java.base/jdk.internal.reflect.NativeConstructorAccessorImpl.newInstance(NativeConstructorAccessorImpl.java:77)
at java.base/jdk.internal.reflect.DelegatingConstructorAccessorImpl.newInstance(DelegatingConstructorAccessorImpl.java:45)
at java.base/java.lang.reflect.Constructor.newInstanceWithCaller(Constructor.java:499)
at java.base/java.lang.reflect.Constructor.newInstance(Constructor.java:480)
at org.openqa.selenium.remote.codec.w3c.W3CHttpResponseCodec.createException(W3CHttpResponseCodec.java:185)
at org.openqa.selenium.remote.codec.w3c.W3CHttpResponseCodec.decode(W3CHttpResponseCodec.java:134)
at org.openqa.selenium.remote.codec.w3c.W3CHttpResponseCodec.decode(W3CHttpResponseCodec.java:51)
at org.openqa.selenium.remote.HttpCommandExecutor.execute(HttpCommandExecutor.java:190)
at org.openqa.selenium.remote.service.DriverCommandExecutor.invokeExecute(DriverCommandExecutor.java:216)
at org.openqa.selenium.remote.service.DriverCommandExecutor.execute(DriverCommandExecutor.java:174)
at org.openqa.selenium.remote.RemoteWebDriver.execute(RemoteWebDriver.java:519)
at org.openqa.selenium.remote.RemoteWebElement.execute(RemoteWebElement.java:223)
at org.openqa.selenium.remote.RemoteWebElement.click(RemoteWebElement.java:76)
at com.EcommerceSiteAutomation.PageObjects.Shipping.selectShipping(Shipping.java:85)
at com.EcommerceSiteAutomation.stepDefinition.PlaceOrderStepDefinition.i_add_the_shipping_address(PlaceOrderStepDefinition.java:62)
at âœ½.I add the shipping address Shanika Jayakody Trevor Street London Alaska N6G2N1 United States +226345234(file:///Users/nimesha/eclipse-workspace/EcommerceSiteAutomation/src/test/java/Cucumber/CucumberTest.feature:31)
]]>
    </error>
  </testcase> <!-- runScenario -->
</testsuite> <!-- Cucumber.TestNGTestRunner -->
