<?xml version="1.0" encoding="UTF-8"?>
<!-- Generated by org.testng.reporters.JUnitXMLReporter -->
<testsuite ignored="0" hostname="MacBook-Pro-de-Nimesha.local" failures="1" tests="2" name="Default test" time="179.423" errors="0" timestamp="2024-02-09T22:26:53 EST">
  <testcase classname="io.cucumber.testng.AbstractTestNGCucumberTests" name="runScenario" time="91.716"/>
  <testcase classname="io.cucumber.testng.AbstractTestNGCucumberTests" name="runScenario" time="86.627">
    <failure type="org.openqa.selenium.ElementClickInterceptedException" message="element click intercepted: Element &amp;lt;select class=&amp;quot;select&amp;quot; data-bind=&amp;quot;
    attr: {
        name: inputName,
        id: uid,
        disabled: disabled,
        &amp;apos;aria-describedby&amp;apos;: getDescriptionId(),
        &amp;apos;aria-required&amp;apos;: required,
        &amp;apos;aria-invalid&amp;apos;: error() ? true : &amp;apos;false&amp;apos;,
        placeholder: placeholder
    },
    hasFocus: focused,
    optgroup: options,
    value: value,
    optionsCaption: caption,
    optionsValue: &amp;apos;value&amp;apos;,
    optionsText: &amp;apos;label&amp;apos;,
    optionsAfterRender: function(option, item) {
        if (item &amp;amp;amp;&amp;amp;amp; item.disabled) {
            ko.applyBindingsToNode(option, {attr: {disabled: true}}, item);
        }
    }&amp;quot; name=&amp;quot;region_id&amp;quot; id=&amp;quot;WJ6HF5Q&amp;quot; aria-required=&amp;quot;true&amp;quot; aria-invalid=&amp;quot;false&amp;quot;&amp;gt;...&amp;lt;/select&amp;gt; is not clickable at point (386, 69). Other element would receive the click: &amp;lt;div id=&amp;quot;checkout-loader&amp;quot; data-role=&amp;quot;checkout-loader&amp;quot; class=&amp;quot;loading-mask&amp;quot;&amp;gt;...&amp;lt;/div&amp;gt;
  (Session info: chrome=121.0.6167.160)
Build info: version: &amp;apos;4.17.0&amp;apos;, revision: &amp;apos;e52b1be057*&amp;apos;
System info: os.name: &amp;apos;Mac OS X&amp;apos;, os.arch: &amp;apos;x86_64&amp;apos;, os.version: &amp;apos;14.2.1&amp;apos;, java.version: &amp;apos;17.0.8.1&amp;apos;
Driver info: org.openqa.selenium.chrome.ChromeDriver
Command: [fd129aae5055f9f15328eef90f4e7df1, clickElement {id=42047DB628E60231704A0780571DDEB1_element_346}]
Capabilities {acceptInsecureCerts: false, browserName: chrome, browserVersion: 121.0.6167.160, chrome: {chromedriverVersion: 121.0.6167.85 (3f98d690ad7e..., userDataDir: /var/folders/j3/0152nwjn6hd...}, fedcm:accounts: true, goog:chromeOptions: {debuggerAddress: localhost:49724}, networkConnectionEnabled: false, pageLoadStrategy: normal, platformName: mac, proxy: Proxy(), se:cdp: ws://localhost:49724/devtoo..., se:cdpVersion: 121.0.6167.160, setWindowRect: true, strictFileInteractability: false, timeouts: {implicit: 0, pageLoad: 300000, script: 30000}, unhandledPromptBehavior: dismiss and notify, webauthn:extension:credBlob: true, webauthn:extension:largeBlob: true, webauthn:extension:minPinLength: true, webauthn:extension:prf: true, webauthn:virtualAuthenticators: true}
Element: [[ChromeDriver: chrome on mac (fd129aae5055f9f15328eef90f4e7df1)] -&amp;gt; xpath: //select[@name=&amp;apos;region_id&amp;apos;]]
Session ID: fd129aae5055f9f15328eef90f4e7df1">
      <![CDATA[org.openqa.selenium.ElementClickInterceptedException: element click intercepted: Element <select class="select" data-bind="
    attr: {
        name: inputName,
        id: uid,
        disabled: disabled,
        'aria-describedby': getDescriptionId(),
        'aria-required': required,
        'aria-invalid': error() ? true : 'false',
        placeholder: placeholder
    },
    hasFocus: focused,
    optgroup: options,
    value: value,
    optionsCaption: caption,
    optionsValue: 'value',
    optionsText: 'label',
    optionsAfterRender: function(option, item) {
        if (item &amp;&amp; item.disabled) {
            ko.applyBindingsToNode(option, {attr: {disabled: true}}, item);
        }
    }" name="region_id" id="WJ6HF5Q" aria-required="true" aria-invalid="false">...</select> is not clickable at point (386, 69). Other element would receive the click: <div id="checkout-loader" data-role="checkout-loader" class="loading-mask">...</div>
  (Session info: chrome=121.0.6167.160)
Build info: version: '4.17.0', revision: 'e52b1be057*'
System info: os.name: 'Mac OS X', os.arch: 'x86_64', os.version: '14.2.1', java.version: '17.0.8.1'
Driver info: org.openqa.selenium.chrome.ChromeDriver
Command: [fd129aae5055f9f15328eef90f4e7df1, clickElement {id=42047DB628E60231704A0780571DDEB1_element_346}]
Capabilities {acceptInsecureCerts: false, browserName: chrome, browserVersion: 121.0.6167.160, chrome: {chromedriverVersion: 121.0.6167.85 (3f98d690ad7e..., userDataDir: /var/folders/j3/0152nwjn6hd...}, fedcm:accounts: true, goog:chromeOptions: {debuggerAddress: localhost:49724}, networkConnectionEnabled: false, pageLoadStrategy: normal, platformName: mac, proxy: Proxy(), se:cdp: ws://localhost:49724/devtoo..., se:cdpVersion: 121.0.6167.160, setWindowRect: true, strictFileInteractability: false, timeouts: {implicit: 0, pageLoad: 300000, script: 30000}, unhandledPromptBehavior: dismiss and notify, webauthn:extension:credBlob: true, webauthn:extension:largeBlob: true, webauthn:extension:minPinLength: true, webauthn:extension:prf: true, webauthn:virtualAuthenticators: true}
Element: [[ChromeDriver: chrome on mac (fd129aae5055f9f15328eef90f4e7df1)] -> xpath: //select[@name='region_id']]
Session ID: fd129aae5055f9f15328eef90f4e7df1
at java.base/jdk.internal.reflect.NativeConstructorAccessorImpl.newInstance0(Native Method)
at java.base/jdk.internal.reflect.NativeConstructorAccessorImpl.newInstance(NativeConstructorAccessorImpl.java:77)
at java.base/jdk.internal.reflect.DelegatingConstructorAccessorImpl.newInstance(DelegatingConstructorAccessorImpl.java:45)
at java.base/java.lang.reflect.Constructor.newInstanceWithCaller(Constructor.java:499)
at java.base/java.lang.reflect.Constructor.newInstance(Constructor.java:480)
at org.openqa.selenium.remote.codec.w3c.W3CHttpResponseCodec.createException(W3CHttpResponseCodec.java:185)
at org.openqa.selenium.remote.codec.w3c.W3CHttpResponseCodec.decode(W3CHttpResponseCodec.java:134)
at org.openqa.selenium.remote.codec.w3c.W3CHttpResponseCodec.decode(W3CHttpResponseCodec.java:51)
at org.openqa.selenium.remote.HttpCommandExecutor.execute(HttpCommandExecutor.java:190)
at org.openqa.selenium.remote.service.DriverCommandExecutor.invokeExecute(DriverCommandExecutor.java:216)
at org.openqa.selenium.remote.service.DriverCommandExecutor.execute(DriverCommandExecutor.java:174)
at org.openqa.selenium.remote.RemoteWebDriver.execute(RemoteWebDriver.java:519)
at org.openqa.selenium.remote.RemoteWebElement.execute(RemoteWebElement.java:223)
at org.openqa.selenium.remote.RemoteWebElement.click(RemoteWebElement.java:76)
at com.EcommerceSiteAutomation.PageObjects.Shipping.selectShipping(Shipping.java:85)
at com.EcommerceSiteAutomation.stepDefinition.PlaceOrderStepDefinition.i_add_the_shipping_address(PlaceOrderStepDefinition.java:62)
at âœ½.I add the shipping address Shanika Jayakody Trevor Street London Alaska N6G2N1 United States +226345234(file:///Users/nimesha/eclipse-workspace/EcommerceSiteAutomation/src/test/java/Cucumber/CucumberTest.feature:31)
]]>
    </failure>
  </testcase> <!-- runScenario -->
</testsuite> <!-- Default test -->
